{"level":"error","message":"[Service] Erro no Upsert do Parceiro: null value in column \"nome\" of relation \"parceiros\" violates not-null constraint","service":"erp-fiscal-backend","timestamp":"2026-05-15 22:25:23"}
{"body":{"cnpj":"19131243000197"},"level":"error","message":"[HTTP ERROR] POST /v1/parceiros - Status: 500 - Msg: AppError is not a constructor","params":{},"service":"erp-fiscal-backend","stack":"TypeError: AppError is not a constructor\n    at ParceiroService.salvarParceiro (/home/luizcarelo/nfe-gestao/backend/src/modules/parceiros/service/index.js:72:13)\n    at process.processTicksAndRejections (node:internal/process/task_queues:104:5)\n    at async cadastrar (/home/luizcarelo/nfe-gestao/backend/src/modules/parceiros/controller/index.js:44:22)","timestamp":"2026-05-15 22:25:23"}
{"level":"error","message":"[Service] Erro no Upsert do Parceiro: null value in column \"nome\" of relation \"parceiros\" violates not-null constraint","service":"erp-fiscal-backend","timestamp":"2026-05-15 22:27:51"}
{"body":{"cnpj":"19131243000197"},"level":"error","message":"[HTTP ERROR] POST /v1/parceiros - Status: 500 - Msg: Erro ao persistir dados do parceiro.","params":{},"service":"erp-fiscal-backend","timestamp":"2026-05-15 22:27:51"}
{"level":"error","message":"[Service] Erro no Upsert do Parceiro: null value in column \"nome\" of relation \"parceiros\" violates not-null constraint","service":"erp-fiscal-backend","timestamp":"2026-05-15 22:27:59"}
{"body":{"cnpj":"19131243000197"},"level":"error","message":"[HTTP ERROR] POST /v1/parceiros - Status: 500 - Msg: Erro ao persistir dados do parceiro.","params":{},"service":"erp-fiscal-backend","timestamp":"2026-05-15 22:27:59"}
{"level":"error","message":"[Service] Erro no Upsert do Parceiro: null value in column \"nome\" of relation \"parceiros\" violates not-null constraint","service":"erp-fiscal-backend","timestamp":"2026-05-15 22:28:13"}
{"body":{"cnpj":"19131243000197"},"level":"error","message":"[HTTP ERROR] POST /v1/parceiros - Status: 500 - Msg: Erro ao persistir dados do parceiro.","params":{},"service":"erp-fiscal-backend","timestamp":"2026-05-15 22:28:13"}
{"level":"error","message":"[Service] Erro no Upsert do Parceiro: null value in column \"nome\" of relation \"parceiros\" violates not-null constraint","service":"erp-fiscal-backend","timestamp":"2026-05-15 22:30:19"}
{"body":{"cnpj":"19131243000197"},"level":"error","message":"[HTTP ERROR] POST /v1/parceiros - Status: 500 - Msg: Erro ao persistir dados do parceiro.","params":{},"service":"erp-fiscal-backend","timestamp":"2026-05-15 22:30:19"}
{"level":"error","message":"🔥 [Unhandled Rejection] Promessa rejeitada não tratada: TypeError: Cannot destructure property 'tenant_id' of 'req.user' as it is undefined.","service":"erp-fiscal-backend","timestamp":"2026-05-15 22:36:54"}
{"level":"error","message":"TypeError: Cannot destructure property 'tenant_id' of 'req.user' as it is undefined.\n    at cadastrar (/home/luizcarelo/nfe-gestao/backend/src/modules/parceiros/controller/index.js:39:13)\n    at Layer.handle [as handle_request] (/home/luizcarelo/nfe-gestao/backend/node_modules/express/lib/router/layer.js:95:5)\n    at next (/home/luizcarelo/nfe-gestao/backend/node_modules/express/lib/router/route.js:149:13)\n    at Route.dispatch (/home/luizcarelo/nfe-gestao/backend/node_modules/express/lib/router/route.js:119:3)\n    at Layer.handle [as handle_request] (/home/luizcarelo/nfe-gestao/backend/node_modules/express/lib/router/layer.js:95:5)\n    at /home/luizcarelo/nfe-gestao/backend/node_modules/express/lib/router/index.js:284:15\n    at router.process_params (/home/luizcarelo/nfe-gestao/backend/node_modules/express/lib/router/index.js:346:12)\n    at next (/home/luizcarelo/nfe-gestao/backend/node_modules/express/lib/router/index.js:280:10)\n    at router.handle (/home/luizcarelo/nfe-gestao/backend/node_modules/express/lib/router/index.js:175:3)\n    at router (/home/luizcarelo/nfe-gestao/backend/node_modules/express/lib/router/index.js:47:12)","service":"erp-fiscal-backend","timestamp":"2026-05-15 22:36:54"}
{"level":"error","message":"🔥 [Unhandled Rejection] Promessa rejeitada não tratada: TypeError: Cannot destructure property 'tenant_id' of 'req.user' as it is undefined.","service":"erp-fiscal-backend","timestamp":"2026-05-15 22:37:19"}
{"level":"error","message":"TypeError: Cannot destructure property 'tenant_id' of 'req.user' as it is undefined.\n    at cadastrar (/home/luizcarelo/nfe-gestao/backend/src/modules/parceiros/controller/index.js:39:13)\n    at Layer.handle [as handle_request] (/home/luizcarelo/nfe-gestao/backend/node_modules/express/lib/router/layer.js:95:5)\n    at next (/home/luizcarelo/nfe-gestao/backend/node_modules/express/lib/router/route.js:149:13)\n    at Route.dispatch (/home/luizcarelo/nfe-gestao/backend/node_modules/express/lib/router/route.js:119:3)\n    at Layer.handle [as handle_request] (/home/luizcarelo/nfe-gestao/backend/node_modules/express/lib/router/layer.js:95:5)\n    at /home/luizcarelo/nfe-gestao/backend/node_modules/express/lib/router/index.js:284:15\n    at router.process_params (/home/luizcarelo/nfe-gestao/backend/node_modules/express/lib/router/index.js:346:12)\n    at next (/home/luizcarelo/nfe-gestao/backend/node_modules/express/lib/router/index.js:280:10)\n    at router.handle (/home/luizcarelo/nfe-gestao/backend/node_modules/express/lib/router/index.js:175:3)\n    at router (/home/luizcarelo/nfe-gestao/backend/node_modules/express/lib/router/index.js:47:12)","service":"erp-fiscal-backend","timestamp":"2026-05-15 22:37:19"}
{"level":"error","message":"[Service] Erro no Upsert do Parceiro: null value in column \"nome\" of relation \"parceiros\" violates not-null constraint","service":"erp-fiscal-backend","timestamp":"2026-05-15 22:38:14"}
{"level":"error","message":"🔥 [Unhandled Rejection] Promessa rejeitada não tratada: [object Object]","service":"erp-fiscal-backend","timestamp":"2026-05-15 22:38:14"}
{"level":"error","message":"[Service] Erro no Upsert do Parceiro: null value in column \"nome\" of relation \"parceiros\" violates not-null constraint","service":"erp-fiscal-backend","timestamp":"2026-05-15 22:39:14"}
{"level":"error","message":"🔥 [Unhandled Rejection] Promessa rejeitada não tratada: [object Object]","service":"erp-fiscal-backend","timestamp":"2026-05-15 22:39:14"}
{"level":"error","message":"❌ Erro Cosmos (GTIN): Request failed with status code 429","service":"erp-fiscal-backend","timestamp":"2026-05-15 22:43:57"}
{"level":"error","message":"[App Error Middleware] Msg: Falha ao consultar catálogo de produtos.","service":"erp-fiscal-backend","timestamp":"2026-05-15 22:43:57"}
{"level":"error","message":"🔥 [Unhandled Rejection] Promessa rejeitada não tratada: TypeError: nfeParser.parse is not a function","service":"erp-fiscal-backend","timestamp":"2026-05-15 22:43:57"}
{"level":"error","message":"TypeError: nfeParser.parse is not a function\n    at NFeService.processarUploadXML (/home/luizcarelo/nfe-gestao/backend/src/modules/nfe/service/index.js:18:32)\n    at uploadXml (/home/luizcarelo/nfe-gestao/backend/src/modules/nfe/controller/index.js:28:37)\n    at Layer.handle [as handle_request] (/home/luizcarelo/nfe-gestao/backend/node_modules/express/lib/router/layer.js:95:5)\n    at next (/home/luizcarelo/nfe-gestao/backend/node_modules/express/lib/router/route.js:149:13)\n    at Route.dispatch (/home/luizcarelo/nfe-gestao/backend/node_modules/express/lib/router/route.js:119:3)\n    at Layer.handle [as handle_request] (/home/luizcarelo/nfe-gestao/backend/node_modules/express/lib/router/layer.js:95:5)\n    at /home/luizcarelo/nfe-gestao/backend/node_modules/express/lib/router/index.js:284:15\n    at router.process_params (/home/luizcarelo/nfe-gestao/backend/node_modules/express/lib/router/index.js:346:12)\n    at next (/home/luizcarelo/nfe-gestao/backend/node_modules/express/lib/router/index.js:280:10)\n    at router.handle (/home/luizcarelo/nfe-gestao/backend/node_modules/express/lib/router/index.js:175:3)","service":"erp-fiscal-backend","timestamp":"2026-05-15 22:43:57"}
{"level":"error","message":"❌ Erro Cosmos (GTIN): Request failed with status code 429","service":"erp-fiscal-backend","timestamp":"2026-05-15 22:45:14"}
{"level":"error","message":"[App Error Middleware] Msg: Falha ao consultar catálogo de produtos.","service":"erp-fiscal-backend","timestamp":"2026-05-15 22:45:14"}
{"level":"error","message":"[EmpresaService] Erro no cadastro: Esta empresa (CNPJ) já está cadastrada na sua conta.","service":"erp-fiscal-backend","timestamp":"2026-05-15 22:45:14"}
{"level":"error","message":"🔥 [Unhandled Rejection] Promessa rejeitada não tratada: [object Object]","service":"erp-fiscal-backend","timestamp":"2026-05-15 22:45:14"}
{"level":"error","message":"[EmpresaService] Erro no cadastro: Esta empresa (CNPJ) já está cadastrada na sua conta.","service":"erp-fiscal-backend","timestamp":"2026-05-15 22:45:49"}
{"level":"error","message":"🔥 [Unhandled Rejection] Promessa rejeitada não tratada: [object Object]","service":"erp-fiscal-backend","timestamp":"2026-05-15 22:45:49"}
{"level":"error","message":"[EmpresaService] Erro no cadastro: Esta empresa (CNPJ) já está cadastrada na sua conta.","service":"erp-fiscal-backend","timestamp":"2026-05-15 22:47:26"}
{"level":"error","message":"[App Error Middleware] Msg: Esta empresa (CNPJ) já está cadastrada na sua conta.","service":"erp-fiscal-backend","timestamp":"2026-05-15 22:47:26"}
{"level":"error","message":"🔥 [Unhandled Rejection] Promessa rejeitada não tratada: TypeError: nfeParser.parse is not a function","service":"erp-fiscal-backend","timestamp":"2026-05-15 22:47:26"}
{"level":"error","message":"TypeError: nfeParser.parse is not a function\n    at NFeService.processarUploadXML (/home/luizcarelo/nfe-gestao/backend/src/modules/nfe/service/index.js:18:32)\n    at uploadXml (/home/luizcarelo/nfe-gestao/backend/src/modules/nfe/controller/index.js:28:37)\n    at Layer.handle [as handle_request] (/home/luizcarelo/nfe-gestao/backend/node_modules/express/lib/router/layer.js:95:5)\n    at next (/home/luizcarelo/nfe-gestao/backend/node_modules/express/lib/router/route.js:149:13)\n    at Route.dispatch (/home/luizcarelo/nfe-gestao/backend/node_modules/express/lib/router/route.js:119:3)\n    at Layer.handle [as handle_request] (/home/luizcarelo/nfe-gestao/backend/node_modules/express/lib/router/layer.js:95:5)\n    at /home/luizcarelo/nfe-gestao/backend/node_modules/express/lib/router/index.js:284:15\n    at router.process_params (/home/luizcarelo/nfe-gestao/backend/node_modules/express/lib/router/index.js:346:12)\n    at next (/home/luizcarelo/nfe-gestao/backend/node_modules/express/lib/router/index.js:280:10)\n    at router.handle (/home/luizcarelo/nfe-gestao/backend/node_modules/express/lib/router/index.js:175:3)","service":"erp-fiscal-backend","timestamp":"2026-05-15 22:47:26"}
{"level":"error","message":"[EmpresaService] Erro no cadastro: Esta empresa (CNPJ) já está cadastrada na sua conta.","service":"erp-fiscal-backend","timestamp":"2026-05-15 22:49:02"}
{"level":"error","message":"[App Error Middleware] Msg: Esta empresa (CNPJ) já está cadastrada na sua conta.","service":"erp-fiscal-backend","timestamp":"2026-05-15 22:49:02"}
{"level":"error","message":"🔥 [Unhandled Rejection] Promessa rejeitada não tratada: TypeError: nfeParser.parse is not a function","service":"erp-fiscal-backend","timestamp":"2026-05-15 22:49:02"}
{"level":"error","message":"TypeError: nfeParser.parse is not a function\n    at NFeService.processarUploadXML (/home/luizcarelo/nfe-gestao/backend/src/modules/nfe/service/index.js:18:32)\n    at uploadXml (/home/luizcarelo/nfe-gestao/backend/src/modules/nfe/controller/index.js:28:37)\n    at Layer.handle [as handle_request] (/home/luizcarelo/nfe-gestao/backend/node_modules/express/lib/router/layer.js:95:5)\n    at next (/home/luizcarelo/nfe-gestao/backend/node_modules/express/lib/router/route.js:149:13)\n    at Route.dispatch (/home/luizcarelo/nfe-gestao/backend/node_modules/express/lib/router/route.js:119:3)\n    at Layer.handle [as handle_request] (/home/luizcarelo/nfe-gestao/backend/node_modules/express/lib/router/layer.js:95:5)\n    at /home/luizcarelo/nfe-gestao/backend/node_modules/express/lib/router/index.js:284:15\n    at router.process_params (/home/luizcarelo/nfe-gestao/backend/node_modules/express/lib/router/index.js:346:12)\n    at next (/home/luizcarelo/nfe-gestao/backend/node_modules/express/lib/router/index.js:280:10)\n    at router.handle (/home/luizcarelo/nfe-gestao/backend/node_modules/express/lib/router/index.js:175:3)","service":"erp-fiscal-backend","timestamp":"2026-05-15 22:49:02"}
{"level":"error","message":"[EmpresaService] Erro no cadastro: Esta empresa (CNPJ) já está cadastrada na sua conta.","service":"erp-fiscal-backend","timestamp":"2026-05-15 22:52:22"}
{"level":"error","message":"[App Error Middleware] Msg: Esta empresa (CNPJ) já está cadastrada na sua conta.","service":"erp-fiscal-backend","timestamp":"2026-05-15 22:52:22"}
{"level":"error","message":"[EmpresaService] Erro no cadastro: Esta empresa (CNPJ) já está cadastrada na sua conta.","service":"erp-fiscal-backend","timestamp":"2026-05-15 22:56:01"}
{"level":"error","message":"[App Error Middleware] Msg: Esta empresa (CNPJ) já está cadastrada na sua conta.","service":"erp-fiscal-backend","timestamp":"2026-05-15 22:56:01"}
{"level":"error","message":"[App Error Middleware] Msg: Esta NFe já se encontra importada na sua base de dados.","service":"erp-fiscal-backend","timestamp":"2026-05-15 22:56:01"}
{"level":"error","message":"[EmpresaService] Erro no cadastro: Esta empresa (CNPJ) já está cadastrada na sua conta.","service":"erp-fiscal-backend","timestamp":"2026-05-15 23:05:07"}
{"level":"error","message":"[App Error Middleware] Msg: Esta empresa (CNPJ) já está cadastrada na sua conta.","service":"erp-fiscal-backend","timestamp":"2026-05-15 23:05:07"}
{"level":"error","message":"[App Error Middleware] Msg: Esta NFe já se encontra importada na sua base de dados.","service":"erp-fiscal-backend","timestamp":"2026-05-15 23:05:07"}
{"level":"error","message":"🔥 [Unhandled Rejection] Promessa rejeitada não tratada: [object Object]","service":"erp-fiscal-backend","timestamp":"2026-05-15 23:05:07"}
{"level":"error","message":"[EmpresaService] Erro no cadastro: Esta empresa (CNPJ) já está cadastrada na sua conta.","service":"erp-fiscal-backend","timestamp":"2026-05-15 23:09:35"}
{"level":"error","message":"[App Error Middleware] Msg: Esta empresa (CNPJ) já está cadastrada na sua conta.","service":"erp-fiscal-backend","timestamp":"2026-05-15 23:09:35"}
{"level":"error","message":"[App Error Middleware] Msg: Esta NFe já se encontra importada na sua base de dados.","service":"erp-fiscal-backend","timestamp":"2026-05-15 23:09:35"}
{"level":"error","message":"🔥 [Unhandled Rejection] Promessa rejeitada não tratada: [object Object]","service":"erp-fiscal-backend","timestamp":"2026-05-15 23:09:35"}
{"level":"error","message":"[EmpresaService] Erro no cadastro: Esta empresa (CNPJ) já está cadastrada na sua conta.","service":"erp-fiscal-backend","timestamp":"2026-05-15 23:11:21"}
{"level":"error","message":"[App Error Middleware] Msg: Esta empresa (CNPJ) já está cadastrada na sua conta.","service":"erp-fiscal-backend","timestamp":"2026-05-15 23:11:21"}
{"level":"error","message":"❌ [SEFAZ Provider] Erro de comunicação: SEFAZ: Ambiente Nacional Indisponível (HTTP 503)","service":"erp-fiscal-backend","timestamp":"2026-05-15 23:12:02"}
{"level":"error","message":"   ❌ Falha na sincronização da empresa 19131243000197: Falha na comunicação com a SEFAZ: SEFAZ: Ambiente Nacional Indisponível (HTTP 503)","service":"erp-fiscal-backend","timestamp":"2026-05-15 23:12:02"}
{"level":"error","message":"❌ [Job 7] Erro: Timeout na comunicação com os servidores da SEFAZ.","service":"erp-fiscal-backend","timestamp":"2026-05-15 23:13:03"}
